<?xml version="1.0" encoding="UTF-8"?>
<!-- Generated by org.testng.reporters.JUnitReportReporter -->
<testsuite hostname="DESKTOP-GL32RSK" failures="0" tests="1" name="BOM.home" time="0.315" errors="0" timestamp="2020-11-26T15:03:40 EET" skipped="0">
  <testcase classname="BOM.home" name="main" time="0.315"/>
  <system-out/>
</testsuite> <!-- BOM.home -->
