<?xml version="1.0" encoding="UTF-8"?>
<!-- Generated by org.testng.reporters.JUnitReportReporter -->
<testsuite hostname="DESKTOP-GL32RSK" failures="0" tests="1" name="home" time="0.267" errors="0" timestamp="2020-11-26T15:14:27 EET" skipped="0">
  <testcase classname="home" name="main" time="0.267"/>
  <system-out/>
</testsuite> <!-- home -->
